<?xml version="1.0" encoding="UTF-8"?>
<!-- Generated by org.testng.reporters.JUnitReportReporter -->
<testsuite hostname="SC-IN-37QVGS3" failures="0" tests="1" name="application.FirstDemo" time="5.509" errors="0" timestamp="2024-05-15T13:28:37 IST" skipped="0">
  <testcase classname="application.FirstDemo" name="launch" time="5.509"/>
</testsuite> <!-- application.FirstDemo -->
